Detecting C [-std=c11] compiler features failed to compile with the following output:
Change Dir: /home/datbeohbbh/Desktop/MY_PROJECT/codeforces/cf#561div2/B/cmake-build-debug/CMakeFiles/CMakeTmp

Run Build Command(s):/usr/bin/make cmTC_968c8/fast 
/usr/bin/make -f CMakeFiles/cmTC_968c8.dir/build.make CMakeFiles/cmTC_968c8.dir/build
make[1]: Entering directory '/home/datbeohbbh/Desktop/MY_PROJECT/codeforces/cf#561div2/B/cmake-build-debug/CMakeFiles/CMakeTmp'
make[1]: *** No rule to make target '/home/datbeohbbh/Desktop/MY_PROJECT/codeforces/cf', needed by 'CMakeFiles/cmTC_968c8.dir/feature_tests.c.o'.  Stop.
make[1]: Leaving directory '/home/datbeohbbh/Desktop/MY_PROJECT/codeforces/cf#561div2/B/cmake-build-debug/CMakeFiles/CMakeTmp'
Makefile:121: recipe for target 'cmTC_968c8/fast' failed
make: *** [cmTC_968c8/fast] Error 2



Detecting CXX [-std=c++1z] compiler features failed to compile with the following output:
Change Dir: /home/datbeohbbh/Desktop/MY_PROJECT/codeforces/cf#561div2/B/cmake-build-debug/CMakeFiles/CMakeTmp

Run Build Command(s):/usr/bin/make cmTC_0e597/fast 
/usr/bin/make -f CMakeFiles/cmTC_0e597.dir/build.make CMakeFiles/cmTC_0e597.dir/build
make[1]: Entering directory '/home/datbeohbbh/Desktop/MY_PROJECT/codeforces/cf#561div2/B/cmake-build-debug/CMakeFiles/CMakeTmp'
make[1]: *** No rule to make target '/home/datbeohbbh/Desktop/MY_PROJECT/codeforces/cf', needed by 'CMakeFiles/cmTC_0e597.dir/feature_tests.cxx.o'.  Stop.
make[1]: Leaving directory '/home/datbeohbbh/Desktop/MY_PROJECT/codeforces/cf#561div2/B/cmake-build-debug/CMakeFiles/CMakeTmp'
Makefile:121: recipe for target 'cmTC_0e597/fast' failed
make: *** [cmTC_0e597/fast] Error 2



