Detecting C [-std=c11] compiler features failed to compile with the following output:
Change Dir: /home/datbeohbbh/Desktop/MY_PROJECT/codeforces/cf#global#3/B/cmake-build-debug/CMakeFiles/CMakeTmp

Run Build Command(s):/usr/bin/make cmTC_34794/fast 
/usr/bin/make -f CMakeFiles/cmTC_34794.dir/build.make CMakeFiles/cmTC_34794.dir/build
make[1]: Entering directory '/home/datbeohbbh/Desktop/MY_PROJECT/codeforces/cf#global#3/B/cmake-build-debug/CMakeFiles/CMakeTmp'
make[1]: *** No rule to make target '/home/datbeohbbh/Desktop/MY_PROJECT/codeforces/cf', needed by 'CMakeFiles/cmTC_34794.dir/feature_tests.c.o'.  Stop.
make[1]: Leaving directory '/home/datbeohbbh/Desktop/MY_PROJECT/codeforces/cf#global#3/B/cmake-build-debug/CMakeFiles/CMakeTmp'
Makefile:121: recipe for target 'cmTC_34794/fast' failed
make: *** [cmTC_34794/fast] Error 2



Detecting CXX [-std=c++1z] compiler features failed to compile with the following output:
Change Dir: /home/datbeohbbh/Desktop/MY_PROJECT/codeforces/cf#global#3/B/cmake-build-debug/CMakeFiles/CMakeTmp

Run Build Command(s):/usr/bin/make cmTC_e3a80/fast 
/usr/bin/make -f CMakeFiles/cmTC_e3a80.dir/build.make CMakeFiles/cmTC_e3a80.dir/build
make[1]: Entering directory '/home/datbeohbbh/Desktop/MY_PROJECT/codeforces/cf#global#3/B/cmake-build-debug/CMakeFiles/CMakeTmp'
make[1]: *** No rule to make target '/home/datbeohbbh/Desktop/MY_PROJECT/codeforces/cf', needed by 'CMakeFiles/cmTC_e3a80.dir/feature_tests.cxx.o'.  Stop.
make[1]: Leaving directory '/home/datbeohbbh/Desktop/MY_PROJECT/codeforces/cf#global#3/B/cmake-build-debug/CMakeFiles/CMakeTmp'
Makefile:121: recipe for target 'cmTC_e3a80/fast' failed
make: *** [cmTC_e3a80/fast] Error 2



