Detecting C [-std=c11] compiler features failed to compile with the following output:
Change Dir: /home/datbeohbbh/Desktop/MY_PROJECT/codeforces/cd#599div2/B/cmake-build-debug/CMakeFiles/CMakeTmp

Run Build Command(s):/usr/bin/make cmTC_6c972/fast 
/usr/bin/make -f CMakeFiles/cmTC_6c972.dir/build.make CMakeFiles/cmTC_6c972.dir/build
make[1]: Entering directory '/home/datbeohbbh/Desktop/MY_PROJECT/codeforces/cd#599div2/B/cmake-build-debug/CMakeFiles/CMakeTmp'
make[1]: *** No rule to make target '/home/datbeohbbh/Desktop/MY_PROJECT/codeforces/cd', needed by 'CMakeFiles/cmTC_6c972.dir/feature_tests.c.o'.  Stop.
make[1]: Leaving directory '/home/datbeohbbh/Desktop/MY_PROJECT/codeforces/cd#599div2/B/cmake-build-debug/CMakeFiles/CMakeTmp'
Makefile:121: recipe for target 'cmTC_6c972/fast' failed
make: *** [cmTC_6c972/fast] Error 2



Detecting CXX [-std=c++1z] compiler features failed to compile with the following output:
Change Dir: /home/datbeohbbh/Desktop/MY_PROJECT/codeforces/cd#599div2/B/cmake-build-debug/CMakeFiles/CMakeTmp

Run Build Command(s):/usr/bin/make cmTC_1649c/fast 
/usr/bin/make -f CMakeFiles/cmTC_1649c.dir/build.make CMakeFiles/cmTC_1649c.dir/build
make[1]: Entering directory '/home/datbeohbbh/Desktop/MY_PROJECT/codeforces/cd#599div2/B/cmake-build-debug/CMakeFiles/CMakeTmp'
make[1]: *** No rule to make target '/home/datbeohbbh/Desktop/MY_PROJECT/codeforces/cd', needed by 'CMakeFiles/cmTC_1649c.dir/feature_tests.cxx.o'.  Stop.
make[1]: Leaving directory '/home/datbeohbbh/Desktop/MY_PROJECT/codeforces/cd#599div2/B/cmake-build-debug/CMakeFiles/CMakeTmp'
Makefile:121: recipe for target 'cmTC_1649c/fast' failed
make: *** [cmTC_1649c/fast] Error 2



